<?xml version="1.0" encoding="UTF-8"?>
<testsuite name="hello.LightbulbControllerTest" tests="1" skipped="0" failures="0" errors="0" timestamp="2018-12-01T07:52:19" hostname="Josh-2.local" time="0.001">
  <properties/>
  <testcase name="validateLightbulb" classname="hello.LightbulbControllerTest" time="0.001"/>
  <system-out><![CDATA[]]></system-out>
  <system-err><![CDATA[]]></system-err>
</testsuite>
