<?xml version="1.0" encoding="UTF-8"?>
<testsuite name="hello.WebLayerTest" tests="4" skipped="0" failures="0" errors="0" timestamp="2018-12-01T07:52:21" hostname="Josh-2.local" time="0.109">
  <properties/>
  <testcase name="adminSeeStatus" classname="hello.WebLayerTest" time="0.011"/>
  <testcase name="deviceControlDirectTest" classname="hello.WebLayerTest" time="0.064"/>
  <testcase name="doLogsShow" classname="hello.WebLayerTest" time="0.009"/>
  <testcase name="shouldRedirectToHubAfterAdding" classname="hello.WebLayerTest" time="0.019"/>
  <system-out><![CDATA[2018-11-30 23:52:20.072  INFO 47517 --- [    Test worker] .b.t.a.w.s.WebMvcTestContextBootstrapper : Neither @ContextConfiguration nor @ContextHierarchy found for test class [hello.WebLayerTest], using SpringBootContextLoader
2018-11-30 23:52:20.073  INFO 47517 --- [    Test worker] o.s.t.c.support.AbstractContextLoader    : Could not detect default resource locations for test class [hello.WebLayerTest]: no resource found for suffixes {-context.xml, Context.groovy}.
2018-11-30 23:52:20.073  INFO 47517 --- [    Test worker] t.c.s.AnnotationConfigContextLoaderUtils : Could not detect default configuration classes for test class [hello.WebLayerTest]: WebLayerTest does not declare any static, non-private, non-final, nested classes annotated with @Configuration.
2018-11-30 23:52:20.133  INFO 47517 --- [    Test worker] .b.t.c.SpringBootTestContextBootstrapper : Found @SpringBootConfiguration hello.Application for test class hello.WebLayerTest
2018-11-30 23:52:20.134  INFO 47517 --- [    Test worker] .b.t.a.w.s.WebMvcTestContextBootstrapper : Loaded default TestExecutionListener class names from location [META-INF/spring.factories]: [org.springframework.boot.test.autoconfigure.restdocs.RestDocsTestExecutionListener, org.springframework.boot.test.autoconfigure.web.client.MockRestServiceServerResetTestExecutionListener, org.springframework.boot.test.autoconfigure.web.servlet.MockMvcPrintOnlyOnFailureTestExecutionListener, org.springframework.boot.test.autoconfigure.web.servlet.WebDriverTestExecutionListener, org.springframework.boot.test.mock.mockito.MockitoTestExecutionListener, org.springframework.boot.test.mock.mockito.ResetMocksTestExecutionListener, org.springframework.test.context.web.ServletTestExecutionListener, org.springframework.test.context.support.DirtiesContextBeforeModesTestExecutionListener, org.springframework.test.context.support.DependencyInjectionTestExecutionListener, org.springframework.test.context.support.DirtiesContextTestExecutionListener, org.springframework.test.context.transaction.TransactionalTestExecutionListener, org.springframework.test.context.jdbc.SqlScriptsTestExecutionListener]
2018-11-30 23:52:20.136  INFO 47517 --- [    Test worker] .b.t.a.w.s.WebMvcTestContextBootstrapper : Using TestExecutionListeners: [org.springframework.test.context.web.ServletTestExecutionListener@7e88b717, org.springframework.test.context.support.DirtiesContextBeforeModesTestExecutionListener@54da404f, org.springframework.boot.test.mock.mockito.MockitoTestExecutionListener@39255af8, org.springframework.boot.test.autoconfigure.SpringBootDependencyInjectionTestExecutionListener@306eac39, org.springframework.test.context.support.DirtiesContextTestExecutionListener@be5852c, org.springframework.boot.test.autoconfigure.restdocs.RestDocsTestExecutionListener@d3b6427, org.springframework.boot.test.autoconfigure.web.client.MockRestServiceServerResetTestExecutionListener@1eda0de2, org.springframework.boot.test.autoconfigure.web.servlet.MockMvcPrintOnlyOnFailureTestExecutionListener@5b106564, org.springframework.boot.test.autoconfigure.web.servlet.WebDriverTestExecutionListener@7cfb57cf, org.springframework.boot.test.mock.mockito.ResetMocksTestExecutionListener@2a370e2b]

  .   ____          _            __ _ _
 /\\ / ___'_ __ _ _(_)_ __  __ _ \ \ \ \
( ( )\___ | '_ | '_| | '_ \/ _` | \ \ \ \
 \\/  ___)| |_)| | | | | || (_| |  ) ) ) )
  '  |____| .__|_| |_|_| |_\__, | / / / /
 =========|_|==============|___/=/_/_/_/
 :: Spring Boot ::        (v2.0.5.RELEASE)

2018-11-30 23:52:20.185  WARN 47517 --- [    Test worker] ory$DuplicateJsonObjectContextCustomizer : 

Found multiple occurrences of org.json.JSONObject on the class path:

	jar:file:/Users/jawshcalder/.gradle/caches/modules-2/files-2.1/org.json/json/20180813/8566b2b0391d9d4479ea225645c6ed47ef17fe41/json-20180813.jar!/org/json/JSONObject.class
	jar:file:/Users/jawshcalder/.gradle/caches/modules-2/files-2.1/com.vaadin.external.google/android-json/0.0.20131108.vaadin1/fa26d351fe62a6a17f5cda1287c1c6110dec413f/android-json-0.0.20131108.vaadin1.jar!/org/json/JSONObject.class

You may wish to exclude one of them to ensure predictable runtime behavior

2018-11-30 23:52:20.186  INFO 47517 --- [    Test worker] hello.WebLayerTest                       : Starting WebLayerTest on Josh-2.local with PID 47517 (started by jawshcalder in /Users/jawshcalder/Dev/seng330/assn3-jj-boolean/complete)
2018-11-30 23:52:20.188  INFO 47517 --- [    Test worker] hello.WebLayerTest                       : No active profile set, falling back to default profiles: default
2018-11-30 23:52:20.191  INFO 47517 --- [    Test worker] o.s.w.c.s.GenericWebApplicationContext   : Refreshing org.springframework.web.context.support.GenericWebApplicationContext@2f90035a: startup date [Fri Nov 30 23:52:20 PST 2018]; root of context hierarchy
2018-11-30 23:52:21.152  INFO 47517 --- [    Test worker] f.a.AutowiredAnnotationBeanPostProcessor : JSR-330 'javax.inject.Inject' annotation found and supported for autowiring
2018-11-30 23:52:21.322  INFO 47517 --- [    Test worker] o.s.w.s.handler.SimpleUrlHandlerMapping  : Mapped URL path [/**/favicon.ico] onto handler of type [class org.springframework.web.servlet.resource.ResourceHttpRequestHandler]
2018-11-30 23:52:21.478  INFO 47517 --- [    Test worker] s.w.s.m.m.a.RequestMappingHandlerAdapter : Looking for @ControllerAdvice: org.springframework.web.context.support.GenericWebApplicationContext@2f90035a: startup date [Fri Nov 30 23:52:20 PST 2018]; root of context hierarchy
2018-11-30 23:52:21.505  INFO 47517 --- [    Test worker] s.w.s.m.m.a.RequestMappingHandlerMapping : Mapped "{[/hub]}" onto public org.springframework.web.servlet.ModelAndView hello.Controllers.HubController.hub(org.springframework.ui.Model) throws hello.HubRegistrationException
2018-11-30 23:52:21.506  INFO 47517 --- [    Test worker] s.w.s.m.m.a.RequestMappingHandlerMapping : Mapped "{[/hub/shutdown]}" onto public org.springframework.web.servlet.ModelAndView hello.Controllers.HubController.shutdownHub(org.springframework.ui.Model)
2018-11-30 23:52:21.506  INFO 47517 --- [    Test worker] s.w.s.m.m.a.RequestMappingHandlerMapping : Mapped "{[/lightbulb/add]}" onto public org.springframework.web.servlet.ModelAndView hello.Controllers.HubController.lightbulbAdd(org.springframework.ui.Model) throws hello.HubRegistrationException
2018-11-30 23:52:21.507  INFO 47517 --- [    Test worker] s.w.s.m.m.a.RequestMappingHandlerMapping : Mapped "{[/smartplug/add]}" onto public org.springframework.web.servlet.ModelAndView hello.Controllers.HubController.smartplugAdd(org.springframework.ui.Model) throws hello.HubRegistrationException
2018-11-30 23:52:21.508  INFO 47517 --- [    Test worker] s.w.s.m.m.a.RequestMappingHandlerMapping : Mapped "{[/thermostat/add]}" onto public org.springframework.web.servlet.ModelAndView hello.Controllers.HubController.thermostatAdd(org.springframework.ui.Model) throws hello.HubRegistrationException,hello.Devices.Temperature$TemperatureOutofBoundsException
2018-11-30 23:52:21.509  INFO 47517 --- [    Test worker] s.w.s.m.m.a.RequestMappingHandlerMapping : Mapped "{[/camera/add]}" onto public org.springframework.web.servlet.ModelAndView hello.Controllers.HubController.cameraAdd(org.springframework.ui.Model) throws hello.HubRegistrationException
2018-11-30 23:52:21.510  INFO 47517 --- [    Test worker] s.w.s.m.m.a.RequestMappingHandlerMapping : Mapped "{[/remove/{uuid}]}" onto public org.springframework.web.servlet.ModelAndView hello.Controllers.HubController.removeDevice(java.util.UUID,org.springframework.ui.Model) throws hello.HubRegistrationException
2018-11-30 23:52:21.511  INFO 47517 --- [    Test worker] s.w.s.m.m.a.RequestMappingHandlerMapping : Mapped "{[/check_event]}" onto public java.lang.String hello.Controllers.HubController.checkRandomEventStatus(org.springframework.ui.Model)
2018-11-30 23:52:21.515  INFO 47517 --- [    Test worker] s.w.s.m.m.a.RequestMappingHandlerMapping : Mapped "{[/edit/{uuid}]}" onto public org.springframework.web.servlet.ModelAndView hello.Controllers.HubController.editDevice(java.util.UUID,org.springframework.ui.Model)
2018-11-30 23:52:21.518  INFO 47517 --- [    Test worker] s.w.s.m.m.a.RequestMappingHandlerMapping : Mapped "{[/error]}" onto public org.springframework.http.ResponseEntity<java.util.Map<java.lang.String, java.lang.Object>> org.springframework.boot.autoconfigure.web.servlet.error.BasicErrorController.error(javax.servlet.http.HttpServletRequest)
2018-11-30 23:52:21.519  INFO 47517 --- [    Test worker] s.w.s.m.m.a.RequestMappingHandlerMapping : Mapped "{[/error],produces=[text/html]}" onto public org.springframework.web.servlet.ModelAndView org.springframework.boot.autoconfigure.web.servlet.error.BasicErrorController.errorHtml(javax.servlet.http.HttpServletRequest,javax.servlet.http.HttpServletResponse)
2018-11-30 23:52:21.549  INFO 47517 --- [    Test worker] o.s.w.s.handler.SimpleUrlHandlerMapping  : Mapped URL path [/webjars/**] onto handler of type [class org.springframework.web.servlet.resource.ResourceHttpRequestHandler]
2018-11-30 23:52:21.549  INFO 47517 --- [    Test worker] o.s.w.s.handler.SimpleUrlHandlerMapping  : Mapped URL path [/**] onto handler of type [class org.springframework.web.servlet.resource.ResourceHttpRequestHandler]
2018-11-30 23:52:21.637  INFO 47517 --- [    Test worker] o.s.b.a.w.s.WelcomePageHandlerMapping    : Adding welcome page: class path resource [static/index.html]
2018-11-30 23:52:21.714  INFO 47517 --- [    Test worker] o.s.b.t.m.w.SpringBootMockServletContext : Initializing Spring FrameworkServlet ''
2018-11-30 23:52:21.715  INFO 47517 --- [    Test worker] o.s.t.web.servlet.TestDispatcherServlet  : FrameworkServlet '': initialization started
2018-11-30 23:52:21.726  INFO 47517 --- [    Test worker] o.s.t.web.servlet.TestDispatcherServlet  : FrameworkServlet '': initialization completed in 10 ms
2018-11-30 23:52:21.769  INFO 47517 --- [    Test worker] hello.WebLayerTest                       : Started WebLayerTest in 1.628 seconds (JVM running for 11.822)
]]></system-out>
  <system-err><![CDATA[]]></system-err>
</testsuite>
