<?xml version="1.0" encoding="UTF-8"?>
<testsuite name="hello.ControllerInitSmokeTests" tests="1" skipped="0" failures="0" errors="0" timestamp="2018-12-01T07:52:19" hostname="Josh-2.local" time="0.008">
  <properties/>
  <testcase name="contexLoads" classname="hello.ControllerInitSmokeTests" time="0.008"/>
  <system-out><![CDATA[2018-11-30 23:52:18.284  INFO 47517 --- [    Test worker] .b.t.c.SpringBootTestContextBootstrapper : Neither @ContextConfiguration nor @ContextHierarchy found for test class [hello.ControllerInitSmokeTests], using SpringBootContextLoader
2018-11-30 23:52:18.286  INFO 47517 --- [    Test worker] o.s.t.c.support.AbstractContextLoader    : Could not detect default resource locations for test class [hello.ControllerInitSmokeTests]: no resource found for suffixes {-context.xml, Context.groovy}.
2018-11-30 23:52:18.286  INFO 47517 --- [    Test worker] t.c.s.AnnotationConfigContextLoaderUtils : Could not detect default configuration classes for test class [hello.ControllerInitSmokeTests]: ControllerInitSmokeTests does not declare any static, non-private, non-final, nested classes annotated with @Configuration.
2018-11-30 23:52:18.301  INFO 47517 --- [    Test worker] .b.t.c.SpringBootTestContextBootstrapper : Found @SpringBootConfiguration hello.Application for test class hello.ControllerInitSmokeTests
2018-11-30 23:52:18.303  INFO 47517 --- [    Test worker] .b.t.c.SpringBootTestContextBootstrapper : Loaded default TestExecutionListener class names from location [META-INF/spring.factories]: [org.springframework.boot.test.autoconfigure.restdocs.RestDocsTestExecutionListener, org.springframework.boot.test.autoconfigure.web.client.MockRestServiceServerResetTestExecutionListener, org.springframework.boot.test.autoconfigure.web.servlet.MockMvcPrintOnlyOnFailureTestExecutionListener, org.springframework.boot.test.autoconfigure.web.servlet.WebDriverTestExecutionListener, org.springframework.boot.test.mock.mockito.MockitoTestExecutionListener, org.springframework.boot.test.mock.mockito.ResetMocksTestExecutionListener, org.springframework.test.context.web.ServletTestExecutionListener, org.springframework.test.context.support.DirtiesContextBeforeModesTestExecutionListener, org.springframework.test.context.support.DependencyInjectionTestExecutionListener, org.springframework.test.context.support.DirtiesContextTestExecutionListener, org.springframework.test.context.transaction.TransactionalTestExecutionListener, org.springframework.test.context.jdbc.SqlScriptsTestExecutionListener]
2018-11-30 23:52:18.305  INFO 47517 --- [    Test worker] .b.t.c.SpringBootTestContextBootstrapper : Using TestExecutionListeners: [org.springframework.test.context.web.ServletTestExecutionListener@669412f6, org.springframework.test.context.support.DirtiesContextBeforeModesTestExecutionListener@4035e008, org.springframework.boot.test.mock.mockito.MockitoTestExecutionListener@19266720, org.springframework.boot.test.autoconfigure.SpringBootDependencyInjectionTestExecutionListener@531a8114, org.springframework.test.context.support.DirtiesContextTestExecutionListener@155f3a23, org.springframework.boot.test.autoconfigure.restdocs.RestDocsTestExecutionListener@7a05bd20, org.springframework.boot.test.autoconfigure.web.client.MockRestServiceServerResetTestExecutionListener@5030da27, org.springframework.boot.test.autoconfigure.web.servlet.MockMvcPrintOnlyOnFailureTestExecutionListener@5725f314, org.springframework.boot.test.autoconfigure.web.servlet.WebDriverTestExecutionListener@3bc745f1, org.springframework.boot.test.mock.mockito.ResetMocksTestExecutionListener@6cfc0314]

  .   ____          _            __ _ _
 /\\ / ___'_ __ _ _(_)_ __  __ _ \ \ \ \
( ( )\___ | '_ | '_| | '_ \/ _` | \ \ \ \
 \\/  ___)| |_)| | | | | || (_| |  ) ) ) )
  '  |____| .__|_| |_|_| |_\__, | / / / /
 =========|_|==============|___/=/_/_/_/
 :: Spring Boot ::        (v2.0.5.RELEASE)

2018-11-30 23:52:18.369  WARN 47517 --- [    Test worker] ory$DuplicateJsonObjectContextCustomizer : 

Found multiple occurrences of org.json.JSONObject on the class path:

	jar:file:/Users/jawshcalder/.gradle/caches/modules-2/files-2.1/org.json/json/20180813/8566b2b0391d9d4479ea225645c6ed47ef17fe41/json-20180813.jar!/org/json/JSONObject.class
	jar:file:/Users/jawshcalder/.gradle/caches/modules-2/files-2.1/com.vaadin.external.google/android-json/0.0.20131108.vaadin1/fa26d351fe62a6a17f5cda1287c1c6110dec413f/android-json-0.0.20131108.vaadin1.jar!/org/json/JSONObject.class

You may wish to exclude one of them to ensure predictable runtime behavior

2018-11-30 23:52:18.370  INFO 47517 --- [    Test worker] hello.ControllerInitSmokeTests           : Starting ControllerInitSmokeTests on Josh-2.local with PID 47517 (started by jawshcalder in /Users/jawshcalder/Dev/seng330/assn3-jj-boolean/complete)
2018-11-30 23:52:18.371  INFO 47517 --- [    Test worker] hello.ControllerInitSmokeTests           : No active profile set, falling back to default profiles: default
2018-11-30 23:52:18.375  INFO 47517 --- [    Test worker] o.s.w.c.s.GenericWebApplicationContext   : Refreshing org.springframework.web.context.support.GenericWebApplicationContext@6f8ee06a: startup date [Fri Nov 30 23:52:18 PST 2018]; root of context hierarchy
2018-11-30 23:52:18.771  INFO 47517 --- [    Test worker] f.a.AutowiredAnnotationBeanPostProcessor : JSR-330 'javax.inject.Inject' annotation found and supported for autowiring
2018-11-30 23:52:18.822  WARN 47517 --- [    Test worker] f.a.AutowiredAnnotationBeanPostProcessor : Autowired annotation should only be used on methods with parameters: void hello.Services.HubService.HubService()
2018-11-30 23:52:19.099  INFO 47517 --- [    Test worker] o.s.w.s.handler.SimpleUrlHandlerMapping  : Mapped URL path [/**/favicon.ico] onto handler of type [class org.springframework.web.servlet.resource.ResourceHttpRequestHandler]
2018-11-30 23:52:19.245  INFO 47517 --- [    Test worker] s.w.s.m.m.a.RequestMappingHandlerAdapter : Looking for @ControllerAdvice: org.springframework.web.context.support.GenericWebApplicationContext@6f8ee06a: startup date [Fri Nov 30 23:52:18 PST 2018]; root of context hierarchy
2018-11-30 23:52:19.273  INFO 47517 --- [    Test worker] s.w.s.m.m.a.RequestMappingHandlerMapping : Mapped "{[/camera/{uuid}]}" onto public java.lang.String hello.Controllers.CameraController.camera(java.util.UUID,org.springframework.ui.Model)
2018-11-30 23:52:19.274  INFO 47517 --- [    Test worker] s.w.s.m.m.a.RequestMappingHandlerMapping : Mapped "{[/camera/toggle/{uuid}]}" onto public org.springframework.web.servlet.ModelAndView hello.Controllers.CameraController.cameraToggle(java.util.UUID,org.springframework.ui.Model)
2018-11-30 23:52:19.274  INFO 47517 --- [    Test worker] s.w.s.m.m.a.RequestMappingHandlerMapping : Mapped "{[/camera/togglerecord/{uuid}]}" onto public org.springframework.web.servlet.ModelAndView hello.Controllers.CameraController.cameraToggleRecord(java.util.UUID,org.springframework.ui.Model)
2018-11-30 23:52:19.274  INFO 47517 --- [    Test worker] s.w.s.m.m.a.RequestMappingHandlerMapping : Mapped "{[/camera/updatedisk/{uuid}]}" onto public int hello.Controllers.CameraController.cameraUpdateDisk(java.util.UUID)
2018-11-30 23:52:19.276  INFO 47517 --- [    Test worker] s.w.s.m.m.a.RequestMappingHandlerMapping : Mapped "{[/hub]}" onto public org.springframework.web.servlet.ModelAndView hello.Controllers.HubController.hub(org.springframework.ui.Model) throws hello.HubRegistrationException
2018-11-30 23:52:19.276  INFO 47517 --- [    Test worker] s.w.s.m.m.a.RequestMappingHandlerMapping : Mapped "{[/hub/shutdown]}" onto public org.springframework.web.servlet.ModelAndView hello.Controllers.HubController.shutdownHub(org.springframework.ui.Model)
2018-11-30 23:52:19.277  INFO 47517 --- [    Test worker] s.w.s.m.m.a.RequestMappingHandlerMapping : Mapped "{[/lightbulb/add]}" onto public org.springframework.web.servlet.ModelAndView hello.Controllers.HubController.lightbulbAdd(org.springframework.ui.Model) throws hello.HubRegistrationException
2018-11-30 23:52:19.277  INFO 47517 --- [    Test worker] s.w.s.m.m.a.RequestMappingHandlerMapping : Mapped "{[/smartplug/add]}" onto public org.springframework.web.servlet.ModelAndView hello.Controllers.HubController.smartplugAdd(org.springframework.ui.Model) throws hello.HubRegistrationException
2018-11-30 23:52:19.278  INFO 47517 --- [    Test worker] s.w.s.m.m.a.RequestMappingHandlerMapping : Mapped "{[/thermostat/add]}" onto public org.springframework.web.servlet.ModelAndView hello.Controllers.HubController.thermostatAdd(org.springframework.ui.Model) throws hello.HubRegistrationException,hello.Devices.Temperature$TemperatureOutofBoundsException
2018-11-30 23:52:19.278  INFO 47517 --- [    Test worker] s.w.s.m.m.a.RequestMappingHandlerMapping : Mapped "{[/camera/add]}" onto public org.springframework.web.servlet.ModelAndView hello.Controllers.HubController.cameraAdd(org.springframework.ui.Model) throws hello.HubRegistrationException
2018-11-30 23:52:19.279  INFO 47517 --- [    Test worker] s.w.s.m.m.a.RequestMappingHandlerMapping : Mapped "{[/remove/{uuid}]}" onto public org.springframework.web.servlet.ModelAndView hello.Controllers.HubController.removeDevice(java.util.UUID,org.springframework.ui.Model) throws hello.HubRegistrationException
2018-11-30 23:52:19.279  INFO 47517 --- [    Test worker] s.w.s.m.m.a.RequestMappingHandlerMapping : Mapped "{[/check_event]}" onto public java.lang.String hello.Controllers.HubController.checkRandomEventStatus(org.springframework.ui.Model)
2018-11-30 23:52:19.279  INFO 47517 --- [    Test worker] s.w.s.m.m.a.RequestMappingHandlerMapping : Mapped "{[/edit/{uuid}]}" onto public org.springframework.web.servlet.ModelAndView hello.Controllers.HubController.editDevice(java.util.UUID,org.springframework.ui.Model)
2018-11-30 23:52:19.280  INFO 47517 --- [    Test worker] s.w.s.m.m.a.RequestMappingHandlerMapping : Mapped "{[/lightbulb/toggle/{uuid}]}" onto public org.springframework.web.servlet.ModelAndView hello.Controllers.LightbulbController.lightbulbToggle(java.util.UUID,org.springframework.ui.Model)
2018-11-30 23:52:19.281  INFO 47517 --- [    Test worker] s.w.s.m.m.a.RequestMappingHandlerMapping : Mapped "{[/lightbulb/{uuid}]}" onto public java.lang.String hello.Controllers.LightbulbController.lightbulb(java.util.UUID,org.springframework.ui.Model)
2018-11-30 23:52:19.284  INFO 47517 --- [    Test worker] s.w.s.m.m.a.RequestMappingHandlerMapping : Mapped "{[/user/registration],methods=[GET]}" onto public java.lang.String hello.Controllers.LoginController.registrationForm(org.springframework.ui.Model)
2018-11-30 23:52:19.284  INFO 47517 --- [    Test worker] s.w.s.m.m.a.RequestMappingHandlerMapping : Mapped "{[/user/registration],methods=[POST]}" onto public org.springframework.web.servlet.ModelAndView hello.Controllers.LoginController.registrationSubmit(org.springframework.ui.Model,hello.User) throws hello.HubRegistrationException
2018-11-30 23:52:19.285  INFO 47517 --- [    Test worker] s.w.s.m.m.a.RequestMappingHandlerMapping : Mapped "{[/user/login],methods=[GET]}" onto public java.lang.String hello.Controllers.LoginController.loginForm(org.springframework.ui.Model)
2018-11-30 23:52:19.286  INFO 47517 --- [    Test worker] s.w.s.m.m.a.RequestMappingHandlerMapping : Mapped "{[/user/login],methods=[POST]}" onto public org.springframework.web.servlet.ModelAndView hello.Controllers.LoginController.loginValidate(org.springframework.ui.Model,hello.User,org.springframework.web.servlet.mvc.support.RedirectAttributes) throws hello.WrongPasswordException,hello.NoSuchUserException
2018-11-30 23:52:19.286  INFO 47517 --- [    Test worker] s.w.s.m.m.a.RequestMappingHandlerMapping : Mapped "{[/user/logout]}" onto public org.springframework.web.servlet.ModelAndView hello.Controllers.LoginController.userLogout(org.springframework.ui.Model)
2018-11-30 23:52:19.286  INFO 47517 --- [    Test worker] s.w.s.m.m.a.RequestMappingHandlerMapping : Mapped "{[/user/remove/{userName}]}" onto public org.springframework.web.servlet.ModelAndView hello.Controllers.LoginController.userRemove(java.lang.String,org.springframework.ui.Model) throws hello.HubRegistrationException
2018-11-30 23:52:19.287  INFO 47517 --- [    Test worker] s.w.s.m.m.a.RequestMappingHandlerMapping : Mapped "{[/user/control/{userName}]}" onto public org.springframework.web.servlet.ModelAndView hello.Controllers.LoginController.userControl(java.lang.String,org.springframework.ui.Model) throws hello.HubRegistrationException
2018-11-30 23:52:19.288  INFO 47517 --- [    Test worker] s.w.s.m.m.a.RequestMappingHandlerMapping : Mapped "{[/smartplug/toggle/{uuid}]}" onto public org.springframework.web.servlet.ModelAndView hello.Controllers.SmartPlugController.smartplugToggle(java.util.UUID,org.springframework.ui.Model)
2018-11-30 23:52:19.288  INFO 47517 --- [    Test worker] s.w.s.m.m.a.RequestMappingHandlerMapping : Mapped "{[/smartplug/{uuid}]}" onto public java.lang.String hello.Controllers.SmartPlugController.smartplug(java.util.UUID,org.springframework.ui.Model)
2018-11-30 23:52:19.289  INFO 47517 --- [    Test worker] s.w.s.m.m.a.RequestMappingHandlerMapping : Mapped "{[/thermostat/{uuid}]}" onto public java.lang.String hello.Controllers.ThermostatController.thermostat(java.util.UUID,org.springframework.ui.Model)
2018-11-30 23:52:19.290  INFO 47517 --- [    Test worker] s.w.s.m.m.a.RequestMappingHandlerMapping : Mapped "{[/thermostat/toggle/{uuid}]}" onto public org.springframework.web.servlet.ModelAndView hello.Controllers.ThermostatController.thermostatStart(java.util.UUID,org.springframework.ui.Model)
2018-11-30 23:52:19.290  INFO 47517 --- [    Test worker] s.w.s.m.m.a.RequestMappingHandlerMapping : Mapped "{[/thermostat/convert/{uuid}]}" onto public org.springframework.web.servlet.ModelAndView hello.Controllers.ThermostatController.thermostatConvert(java.util.UUID,org.springframework.ui.Model)
2018-11-30 23:52:19.291  INFO 47517 --- [    Test worker] s.w.s.m.m.a.RequestMappingHandlerMapping : Mapped "{[/thermostat/increasetemp/{uuid}]}" onto public org.springframework.web.servlet.ModelAndView hello.Controllers.ThermostatController.thermostatIncreaseTemp(java.util.UUID,org.springframework.ui.Model)
2018-11-30 23:52:19.291  INFO 47517 --- [    Test worker] s.w.s.m.m.a.RequestMappingHandlerMapping : Mapped "{[/thermostat/decreasetemp/{uuid}]}" onto public org.springframework.web.servlet.ModelAndView hello.Controllers.ThermostatController.thermostatDecreaseTemp(java.util.UUID,org.springframework.ui.Model)
2018-11-30 23:52:19.294  INFO 47517 --- [    Test worker] s.w.s.m.m.a.RequestMappingHandlerMapping : Mapped "{[/error]}" onto public org.springframework.http.ResponseEntity<java.util.Map<java.lang.String, java.lang.Object>> org.springframework.boot.autoconfigure.web.servlet.error.BasicErrorController.error(javax.servlet.http.HttpServletRequest)
2018-11-30 23:52:19.297  INFO 47517 --- [    Test worker] s.w.s.m.m.a.RequestMappingHandlerMapping : Mapped "{[/error],produces=[text/html]}" onto public org.springframework.web.servlet.ModelAndView org.springframework.boot.autoconfigure.web.servlet.error.BasicErrorController.errorHtml(javax.servlet.http.HttpServletRequest,javax.servlet.http.HttpServletResponse)
2018-11-30 23:52:19.326  INFO 47517 --- [    Test worker] o.s.w.s.handler.SimpleUrlHandlerMapping  : Mapped URL path [/webjars/**] onto handler of type [class org.springframework.web.servlet.resource.ResourceHttpRequestHandler]
2018-11-30 23:52:19.327  INFO 47517 --- [    Test worker] o.s.w.s.handler.SimpleUrlHandlerMapping  : Mapped URL path [/**] onto handler of type [class org.springframework.web.servlet.resource.ResourceHttpRequestHandler]
2018-11-30 23:52:19.441  INFO 47517 --- [    Test worker] o.s.b.a.w.s.WelcomePageHandlerMapping    : Adding welcome page: class path resource [static/index.html]
2018-11-30 23:52:19.634  INFO 47517 --- [    Test worker] o.s.b.t.m.w.SpringBootMockServletContext : Initializing Spring FrameworkServlet ''
2018-11-30 23:52:19.634  INFO 47517 --- [    Test worker] o.s.t.web.servlet.TestDispatcherServlet  : FrameworkServlet '': initialization started
2018-11-30 23:52:19.641  INFO 47517 --- [    Test worker] o.s.t.web.servlet.TestDispatcherServlet  : FrameworkServlet '': initialization completed in 6 ms
2018-11-30 23:52:19.690  INFO 47517 --- [    Test worker] hello.ControllerInitSmokeTests           : Started ControllerInitSmokeTests in 1.376 seconds (JVM running for 9.743)
]]></system-out>
  <system-err><![CDATA[]]></system-err>
</testsuite>
